<?xml version="1.0" encoding="UTF-8"?>
<!-- Generated by org.testng.reporters.JUnitXMLReporter -->
<testsuite ignored="0" hostname="LAPTOP-RA1RI4MC" failures="0" tests="6" name="Smoke" time="0.1" errors="0" timestamp="2023-12-19T07:41:14 GMT">
  <testcase classname="pc.ch03.ParallelExecution.Test3_ParallelByMethod" name="test1" time="0.014"/>
  <testcase classname="pc.ch03.ParallelExecution.Test3_ParallelByMethod" name="test2" time="0.003"/>
  <testcase classname="pc.ch03.ParallelExecution.Test3_ParallelByMethod" name="test3" time="0.001"/>
  <testcase classname="pc.ch03.ParallelExecution.Test3_ParallelByMethod" name="test4" time="0.001"/>
  <testcase classname="pc.ch03.ParallelExecution.Test4_ParallelByMethod" name="test5" time="0.001"/>
  <testcase classname="pc.ch03.ParallelExecution.Test4_ParallelByMethod" name="test6" time="0.004"/>
</testsuite> <!-- Smoke -->
