<?xml version="1.0" encoding="UTF-8"?>
<!-- Generated by org.testng.reporters.JUnitXMLReporter -->
<testsuite ignored="0" hostname="LAPTOP-RA1RI4MC" failures="0" tests="6" name="Test2" time="0.035" errors="0" timestamp="2023-12-19T08:58:54 GMT">
  <testcase classname="pc.ch03.ParallelExecution.Test3_ParallelDemo1" name="test3" time="0.007"/>
  <testcase classname="pc.ch03.ParallelExecution.Test3_ParallelDemo1" name="test4" time="0.005"/>
  <testcase classname="pc.ch03.ParallelExecution.Test4_ParallelDemo2" name="test5" time="0.01"/>
  <testcase classname="pc.ch03.ParallelExecution.Test3_ParallelDemo1" name="test1" time="0.008"/>
  <testcase classname="pc.ch03.ParallelExecution.Test3_ParallelDemo1" name="test2" time="0.004"/>
  <testcase classname="pc.ch03.ParallelExecution.Test4_ParallelDemo2" name="test6" time="0.017"/>
</testsuite> <!-- Test2 -->
