<?xml version="1.0" encoding="UTF-8"?>
<!-- Generated by org.testng.reporters.JUnitXMLReporter -->
<testsuite ignored="1" hostname="LAPTOP-RA1RI4MC" failures="0" tests="5" name="dependsOnGroupsDemo" time="0.113" errors="0" timestamp="2023-12-09T17:04:17 GMT">
  <testcase classname="pc.ch02.testAttributes.Test3_dependsOnGroup" name="Login" time="0.013"/>
  <testcase classname="pc.ch02.testAttributes.Test3_dependsOnGroup" name="Search" time="0.002"/>
  <testcase classname="pc.ch02.testAttributes.Test3_dependsOnGroup" name="filterByBrand" time="0.001"/>
  <testcase classname="pc.ch02.testAttributes.Test3_dependsOnGroup" name="filterByCategory" time="0.001"/>
  <testcase classname="pc.ch02.testAttributes.Test3_dependsOnGroup" name="billing" time="0.001"/>
  <testcase classname="pc.ch02.testAttributes.Test3_dependsOnGroup" name="logOut" time="0.0">
    <ignored/>
  </testcase> <!-- logOut -->
</testsuite> <!-- dependsOnGroupsDemo -->
