<?xml version="1.0" encoding="UTF-8"?>
<!-- Generated by org.testng.reporters.JUnitXMLReporter -->
<testsuite ignored="1" hostname="LAPTOP-RA1RI4MC" failures="1" tests="4" name="Attributes_Demo" time="0.067" errors="0" timestamp="2023-12-09T18:40:36 GMT">
  <testcase classname="pc.ch02.testAttributes.Test5_OtherAttributes" name="login" time="0.007"/>
  <testcase classname="pc.ch02.testAttributes.Test5_OtherAttributes" name="search" time="0.003">
    <failure type="java.lang.AssertionError" message="null">
      <![CDATA[java.lang.AssertionError: null
at pc.ch02.testAttributes.Test5_OtherAttributes.search(Test5_OtherAttributes.java:19)
at java.base/java.util.ArrayList.forEach(ArrayList.java:1511)
... Removed 29 stack frames]]>
    </failure>
  </testcase> <!-- search -->
  <testcase classname="pc.ch02.testAttributes.Test5_OtherAttributes" name="filterProduct" time="0.001"/>
  <testcase classname="pc.ch02.testAttributes.Test5_OtherAttributes" name="Billing" time="0.005"/>
  <testcase classname="pc.ch02.testAttributes.Test5_OtherAttributes" name="aboutLink" time="0.0">
    <ignored/>
  </testcase> <!-- aboutLink -->
</testsuite> <!-- Attributes_Demo -->
