<?xml version="1.0" encoding="UTF-8"?>
<!-- Generated by org.testng.reporters.JUnitXMLReporter -->
<testsuite ignored="0" hostname="LAPTOP-RA1RI4MC" failures="0" tests="9" name="Attributes1Demo" time="0.116" errors="0" timestamp="2023-12-13T21:21:13 GMT">
  <testcase classname="pc.ch02.testAttributes.Test4_dependsOnMethods" name="Login" time="0.007"/>
  <testcase classname="pc.ch02.testAttributes.Test4_dependsOnMethods" name="Login2" time="0.002"/>
  <testcase classname="pc.ch02.testAttributes.Test4_dependsOnMethods" name="Login3" time="0.001"/>
  <testcase classname="pc.ch02.testAttributes.Test4_dependsOnMethods" name="Login4" time="0.001"/>
  <testcase classname="pc.ch02.testAttributes.Test4_dependsOnMethods" name="Search" time="0.001"/>
  <testcase classname="pc.ch02.testAttributes.Test4_dependsOnMethods" name="logOut" time="0.002"/>
  <testcase classname="pc.ch02.testAttributes.Test4_dependsOnMethods" name="billing" time="0.002"/>
  <testcase classname="pc.ch02.testAttributes.Test4_dependsOnMethods" name="filterByBrand" time="0.003"/>
  <testcase classname="pc.ch02.testAttributes.Test4_dependsOnMethods" name="filterByCategory" time="0.001"/>
</testsuite> <!-- Attributes1Demo -->
