<?xml version="1.0" encoding="UTF-8"?>
<!-- Generated by org.testng.reporters.JUnitXMLReporter -->
<testsuite ignored="0" hostname="LAPTOP-RA1RI4MC" failures="0" tests="2" name="TestwithChrome" time="22.215" errors="0" timestamp="2023-12-20T20:54:01 GMT">
  <testcase classname="pc.ch03.ParallelExecution.Test1_ParallelByTest" name="@BeforeTest InitialiseBrowser" time="-1.703105619635E9">
    <failure type="org.testng.TestNGException" message="
Parameter &amp;apos;url&amp;apos; is required by BeforeTest on method InitialiseBrowser but has not been marked @Optional or defined
in C:\Users\Priyadharshini\eclipse-workspace\04_TestNG\TestNG_parallelByTest.xml">
      <![CDATA[org.testng.TestNGException: 
Parameter 'url' is required by BeforeTest on method InitialiseBrowser but has not been marked @Optional or defined
in C:\Users\Priyadharshini\eclipse-workspace\04_TestNG\TestNG_parallelByTest.xml
at java.base/java.util.concurrent.FutureTask.run(FutureTask.java:264)
at java.base/java.util.concurrent.ThreadPoolExecutor.runWorker(ThreadPoolExecutor.java:1136)
at java.base/java.util.concurrent.ThreadPoolExecutor$Worker.run(ThreadPoolExecutor.java:635)
at java.base/java.lang.Thread.run(Thread.java:833)
... Removed 11 stack frames]]>
    </failure>
  </testcase> <!-- @BeforeTest InitialiseBrowser -->
  <testcase classname="pc.ch03.ParallelExecution.Test2_ParallelByTest" name="@BeforeTest SetUp" time="0.0">
    <skipped/>
  </testcase> <!-- @BeforeTest SetUp -->
  <testcase classname="pc.ch03.ParallelExecution.Test1_ParallelByTest" name="searchText" time="0.19"/>
  <testcase classname="pc.ch03.ParallelExecution.Test2_ParallelByTest" name="test1" time="0.002"/>
</testsuite> <!-- TestwithChrome -->
