<?xml version="1.0" encoding="UTF-8"?>
<!-- Generated by org.testng.reporters.JUnitXMLReporter -->
<testsuite ignored="0" hostname="LAPTOP-RA1RI4MC" failures="0" tests="2" name="TestwithEdge" time="0.179" errors="0" timestamp="2023-12-20T20:53:39 GMT">
  <testcase classname="pc.ch03.ParallelExecution.Test1_ParallelByTest" name="searchText" time="0.0">
    <skipped/>
  </testcase> <!-- searchText -->
  <testcase classname="pc.ch03.ParallelExecution.Test2_ParallelByTest" name="test1" time="0.0">
    <skipped/>
  </testcase> <!-- test1 -->
</testsuite> <!-- TestwithEdge -->
