<?xml version="1.0" encoding="UTF-8"?>
<!-- Generated by org.testng.reporters.JUnitXMLReporter -->
<testsuite ignored="0" hostname="LAPTOP-RA1RI4MC" failures="0" tests="4" name="AnnotationDemoTest" time="0.083" errors="0" timestamp="2023-12-11T20:35:14 GMT">
  <testcase classname="pc.ch01.basics.Test_Annotation4_Demo1" name="Test1" time="0.007"/>
  <testcase classname="pc.ch01.basics.Test_Annotation4_Demo1" name="Test2" time="0.002"/>
  <testcase classname="pc.ch01.basics.Test_Annotation4_Demo2" name="demoTest1" time="0.003"/>
  <testcase classname="pc.ch01.basics.Test_Annotation4_Demo2" name="demoTest2" time="0.001"/>
</testsuite> <!-- AnnotationDemoTest -->
