<?xml version="1.0" encoding="UTF-8"?>
<testng-results ignored="0" total="4" passed="2" failed="0" skipped="2">
  <reporter-output>
  </reporter-output>
  <suite started-at="2023-12-20T20:53:39 GMT" name="ParallelSuite" finished-at="2023-12-20T20:54:01 GMT" duration-ms="22215">
    <groups>
    </groups>
    <test started-at="2023-12-20T20:53:39 GMT" name="TestwithEdge" finished-at="2023-12-20T20:53:39 GMT" duration-ms="179">
      <class name="pc.ch03.ParallelExecution.Test2_ParallelByTest">
        <test-method is-config="true" signature="SetUp(java.lang.String)[pri:0, instance:pc.ch03.ParallelExecution.Test2_ParallelByTest@15051a0]" started-at="2023-12-20T20:53:39 GMT" name="SetUp" finished-at="2023-12-20T20:53:39 GMT" duration-ms="0" status="SKIP">
          <reporter-output>
          </reporter-output>
        </test-method> <!-- SetUp -->
        <test-method signature="test1()[pri:0, instance:pc.ch03.ParallelExecution.Test2_ParallelByTest@15051a0]" started-at="2023-12-20T20:53:39 GMT" name="test1" finished-at="2023-12-20T20:53:39 GMT" duration-ms="0" status="SKIP">
          <exception class="org.testng.TestNGException">
            <message>
              <![CDATA[
Parameter 'url' is required by BeforeTest on method InitialiseBrowser but has not been marked @Optional or defined
in C:\Users\Priyadharshini\eclipse-workspace\04_TestNG\TestNG_parallelByTest.xml]]>
            </message>
            <full-stacktrace>
              <![CDATA[org.testng.TestNGException: 
Parameter 'url' is required by BeforeTest on method InitialiseBrowser but has not been marked @Optional or defined
in C:\Users\Priyadharshini\eclipse-workspace\04_TestNG\TestNG_parallelByTest.xml
at org.testng.internal.Parameters.createParams(Parameters.java:267)
at org.testng.internal.Parameters.createParametersForMethod(Parameters.java:355)
at org.testng.internal.Parameters.createParameters(Parameters.java:684)
at org.testng.internal.Parameters.createConfigurationParameters(Parameters.java:166)
at org.testng.internal.invokers.ConfigInvoker.invokeConfigurations(ConfigInvoker.java:306)
at org.testng.TestRunner.invokeTestConfigurations(TestRunner.java:663)
at org.testng.TestRunner.beforeRun(TestRunner.java:652)
at org.testng.TestRunner.run(TestRunner.java:614)
at org.testng.SuiteRunner.runTest(SuiteRunner.java:443)
at org.testng.SuiteRunner$SuiteWorker.run(SuiteRunner.java:481)
at org.testng.internal.thread.ThreadUtil.lambda$execute$0(ThreadUtil.java:58)
at java.base/java.util.concurrent.FutureTask.run(FutureTask.java:264)
at java.base/java.util.concurrent.ThreadPoolExecutor.runWorker(ThreadPoolExecutor.java:1136)
at java.base/java.util.concurrent.ThreadPoolExecutor$Worker.run(ThreadPoolExecutor.java:635)
at java.base/java.lang.Thread.run(Thread.java:833)
]]>
            </full-stacktrace>
          </exception> <!-- org.testng.TestNGException -->
          <reporter-output>
          </reporter-output>
        </test-method> <!-- test1 -->
      </class> <!-- pc.ch03.ParallelExecution.Test2_ParallelByTest -->
      <class name="pc.ch03.ParallelExecution.Test1_ParallelByTest">
        <test-method is-config="true" signature="InitialiseBrowser(java.lang.String,java.lang.String)[pri:0, instance:pc.ch03.ParallelExecution.Test1_ParallelByTest@51671b08]" started-at="2023-12-20T20:53:39 GMT" name="InitialiseBrowser" finished-at="1970-01-01T01:00:00 GMT" duration-ms="-1703105619635" status="FAIL">
          <exception class="org.testng.TestNGException">
            <message>
              <![CDATA[
Parameter 'url' is required by BeforeTest on method InitialiseBrowser but has not been marked @Optional or defined
in C:\Users\Priyadharshini\eclipse-workspace\04_TestNG\TestNG_parallelByTest.xml]]>
            </message>
            <full-stacktrace>
              <![CDATA[org.testng.TestNGException: 
Parameter 'url' is required by BeforeTest on method InitialiseBrowser but has not been marked @Optional or defined
in C:\Users\Priyadharshini\eclipse-workspace\04_TestNG\TestNG_parallelByTest.xml
at org.testng.internal.Parameters.createParams(Parameters.java:267)
at org.testng.internal.Parameters.createParametersForMethod(Parameters.java:355)
at org.testng.internal.Parameters.createParameters(Parameters.java:684)
at org.testng.internal.Parameters.createConfigurationParameters(Parameters.java:166)
at org.testng.internal.invokers.ConfigInvoker.invokeConfigurations(ConfigInvoker.java:306)
at org.testng.TestRunner.invokeTestConfigurations(TestRunner.java:663)
at org.testng.TestRunner.beforeRun(TestRunner.java:652)
at org.testng.TestRunner.run(TestRunner.java:614)
at org.testng.SuiteRunner.runTest(SuiteRunner.java:443)
at org.testng.SuiteRunner$SuiteWorker.run(SuiteRunner.java:481)
at org.testng.internal.thread.ThreadUtil.lambda$execute$0(ThreadUtil.java:58)
at java.base/java.util.concurrent.FutureTask.run(FutureTask.java:264)
at java.base/java.util.concurrent.ThreadPoolExecutor.runWorker(ThreadPoolExecutor.java:1136)
at java.base/java.util.concurrent.ThreadPoolExecutor$Worker.run(ThreadPoolExecutor.java:635)
at java.base/java.lang.Thread.run(Thread.java:833)
]]>
            </full-stacktrace>
          </exception> <!-- org.testng.TestNGException -->
          <reporter-output>
          </reporter-output>
        </test-method> <!-- InitialiseBrowser -->
        <test-method signature="searchText()[pri:0, instance:pc.ch03.ParallelExecution.Test1_ParallelByTest@51671b08]" started-at="2023-12-20T20:53:39 GMT" name="searchText" finished-at="2023-12-20T20:53:39 GMT" duration-ms="0" status="SKIP">
          <exception class="org.testng.TestNGException">
            <message>
              <![CDATA[
Parameter 'url' is required by BeforeTest on method InitialiseBrowser but has not been marked @Optional or defined
in C:\Users\Priyadharshini\eclipse-workspace\04_TestNG\TestNG_parallelByTest.xml]]>
            </message>
            <full-stacktrace>
              <![CDATA[org.testng.TestNGException: 
Parameter 'url' is required by BeforeTest on method InitialiseBrowser but has not been marked @Optional or defined
in C:\Users\Priyadharshini\eclipse-workspace\04_TestNG\TestNG_parallelByTest.xml
at org.testng.internal.Parameters.createParams(Parameters.java:267)
at org.testng.internal.Parameters.createParametersForMethod(Parameters.java:355)
at org.testng.internal.Parameters.createParameters(Parameters.java:684)
at org.testng.internal.Parameters.createConfigurationParameters(Parameters.java:166)
at org.testng.internal.invokers.ConfigInvoker.invokeConfigurations(ConfigInvoker.java:306)
at org.testng.TestRunner.invokeTestConfigurations(TestRunner.java:663)
at org.testng.TestRunner.beforeRun(TestRunner.java:652)
at org.testng.TestRunner.run(TestRunner.java:614)
at org.testng.SuiteRunner.runTest(SuiteRunner.java:443)
at org.testng.SuiteRunner$SuiteWorker.run(SuiteRunner.java:481)
at org.testng.internal.thread.ThreadUtil.lambda$execute$0(ThreadUtil.java:58)
at java.base/java.util.concurrent.FutureTask.run(FutureTask.java:264)
at java.base/java.util.concurrent.ThreadPoolExecutor.runWorker(ThreadPoolExecutor.java:1136)
at java.base/java.util.concurrent.ThreadPoolExecutor$Worker.run(ThreadPoolExecutor.java:635)
at java.base/java.lang.Thread.run(Thread.java:833)
]]>
            </full-stacktrace>
          </exception> <!-- org.testng.TestNGException -->
          <reporter-output>
          </reporter-output>
        </test-method> <!-- searchText -->
      </class> <!-- pc.ch03.ParallelExecution.Test1_ParallelByTest -->
    </test> <!-- TestwithEdge -->
    <test started-at="2023-12-20T20:53:39 GMT" name="TestwithChrome" finished-at="2023-12-20T20:54:01 GMT" duration-ms="22215">
      <class name="pc.ch03.ParallelExecution.Test2_ParallelByTest">
        <test-method is-config="true" signature="SetUp(java.lang.String)[pri:0, instance:pc.ch03.ParallelExecution.Test2_ParallelByTest@54e7391d]" started-at="2023-12-20T20:53:48 GMT" name="SetUp" finished-at="2023-12-20T20:54:01 GMT" duration-ms="12925" status="PASS">
          <params>
            <param index="0">
              <value>
                <![CDATA[chrome]]>
              </value>
            </param>
          </params>
          <reporter-output>
          </reporter-output>
        </test-method> <!-- SetUp -->
        <test-method signature="test1()[pri:0, instance:pc.ch03.ParallelExecution.Test2_ParallelByTest@54e7391d]" started-at="2023-12-20T20:54:01 GMT" name="test1" finished-at="2023-12-20T20:54:01 GMT" duration-ms="2" status="PASS">
          <reporter-output>
          </reporter-output>
        </test-method> <!-- test1 -->
      </class> <!-- pc.ch03.ParallelExecution.Test2_ParallelByTest -->
      <class name="pc.ch03.ParallelExecution.Test1_ParallelByTest">
        <test-method is-config="true" signature="InitialiseBrowser(java.lang.String,java.lang.String)[pri:0, instance:pc.ch03.ParallelExecution.Test1_ParallelByTest@28c0b664]" started-at="2023-12-20T20:53:39 GMT" name="InitialiseBrowser" finished-at="2023-12-20T20:53:48 GMT" duration-ms="9055" status="PASS">
          <params>
            <param index="0">
              <value>
                <![CDATA[chrome]]>
              </value>
            </param>
            <param index="1">
              <value>
                <![CDATA[https://www.google.co.uk/]]>
              </value>
            </param>
          </params>
          <reporter-output>
          </reporter-output>
        </test-method> <!-- InitialiseBrowser -->
        <test-method signature="searchText()[pri:0, instance:pc.ch03.ParallelExecution.Test1_ParallelByTest@28c0b664]" started-at="2023-12-20T20:54:01 GMT" name="searchText" finished-at="2023-12-20T20:54:01 GMT" duration-ms="190" status="PASS">
          <reporter-output>
          </reporter-output>
        </test-method> <!-- searchText -->
      </class> <!-- pc.ch03.ParallelExecution.Test1_ParallelByTest -->
    </test> <!-- TestwithChrome -->
  </suite> <!-- ParallelSuite -->
</testng-results>
