<?xml version="1.0" encoding="UTF-8"?>
<!-- Generated by org.testng.reporters.JUnitXMLReporter -->
<testsuite ignored="5" hostname="LAPTOP-RA1RI4MC" failures="0" tests="4" name="dependsOnDemo" time="0.065" errors="0" timestamp="2023-12-09T17:51:19 GMT">
  <testcase classname="pc.ch02.testAttributes.Test4_dependsOnMethods" name="Login" time="0.007"/>
  <testcase classname="pc.ch02.testAttributes.Test4_dependsOnMethods" name="Login2" time="0.0"/>
  <testcase classname="pc.ch02.testAttributes.Test4_dependsOnMethods" name="Login3" time="0.001"/>
  <testcase classname="pc.ch02.testAttributes.Test4_dependsOnMethods" name="Login4" time="0.001"/>
  <testcase classname="pc.ch02.testAttributes.Test4_dependsOnMethods" name="filterByBrand" time="0.0">
    <ignored/>
  </testcase> <!-- filterByBrand -->
  <testcase classname="pc.ch02.testAttributes.Test4_dependsOnMethods" name="billing" time="0.0">
    <ignored/>
  </testcase> <!-- billing -->
  <testcase classname="pc.ch02.testAttributes.Test4_dependsOnMethods" name="Search" time="0.0">
    <ignored/>
  </testcase> <!-- Search -->
  <testcase classname="pc.ch02.testAttributes.Test4_dependsOnMethods" name="logOut" time="0.0">
    <ignored/>
  </testcase> <!-- logOut -->
  <testcase classname="pc.ch02.testAttributes.Test4_dependsOnMethods" name="filterByCategory" time="0.0">
    <ignored/>
  </testcase> <!-- filterByCategory -->
</testsuite> <!-- dependsOnDemo -->
