<?xml version="1.0" encoding="UTF-8"?>
<!-- Generated by org.testng.reporters.JUnitReportReporter -->
<testsuite hostname="LAPTOP-RA1RI4MC" failures="0" tests="2" name="pc.ch01.basics.Test_Annotation4_Demo1" time="0.009" errors="0" timestamp="2023-12-09T15:48:21 GMT" skipped="0">
  <testcase classname="pc.ch01.basics.Test_Annotation4_Demo1" name="Test2" time="0.002"/>
  <testcase classname="pc.ch01.basics.Test_Annotation4_Demo1" name="Test1" time="0.007"/>
</testsuite> <!-- pc.ch01.basics.Test_Annotation4_Demo1 -->
