<?xml version="1.0" encoding="UTF-8"?>
<!-- Generated by org.testng.reporters.JUnitReportReporter -->
<testsuite hostname="LAPTOP-RA1RI4MC" failures="0" tests="2" name="pc.ch03.ParallelExecution.Test2_ParallelByTest" time="0.002" errors="0" timestamp="2023-12-20T20:54:02 GMT" skipped="1">
  <testcase classname="pc.ch03.ParallelExecution.Test2_ParallelByTest" name="test1" time="0.000">
    <skipped/>
  </testcase> <!-- test1 -->
  <testcase classname="pc.ch03.ParallelExecution.Test2_ParallelByTest" name="test1" time="0.002"/>
</testsuite> <!-- pc.ch03.ParallelExecution.Test2_ParallelByTest -->
