<?xml version="1.0" encoding="UTF-8"?>
<!-- Generated by org.testng.reporters.JUnitReportReporter -->
<testsuite hostname="LAPTOP-RA1RI4MC" failures="0" tests="2" name="pc.ch03.ParallelExecution.Test1_Demo1" time="0.280" errors="0" timestamp="2023-12-19T07:20:25 GMT" skipped="0">
  <testcase classname="pc.ch03.ParallelExecution.Test1_Demo1" name="searchText" time="0.121"/>
  <testcase classname="pc.ch03.ParallelExecution.Test1_Demo1" name="searchText" time="0.159"/>
</testsuite> <!-- pc.ch03.ParallelExecution.Test1_Demo1 -->
