<?xml version="1.0" encoding="UTF-8"?>
<!-- Generated by org.testng.reporters.JUnitReportReporter -->
<testsuite hostname="LAPTOP-RA1RI4MC" failures="0" tests="2" name="pc.ch01.basics.Test_Annotation2_Method" time="0.013" errors="0" timestamp="2023-12-08T20:03:49 GMT" skipped="0">
  <testcase classname="pc.ch01.basics.Test_Annotation2_Method" name="demoTest2" time="0.001"/>
  <testcase classname="pc.ch01.basics.Test_Annotation2_Method" name="demoTest1" time="0.012"/>
</testsuite> <!-- pc.ch01.basics.Test_Annotation2_Method -->
