<?xml version="1.0" encoding="UTF-8"?>
<!-- Generated by org.testng.reporters.JUnitReportReporter -->
<testsuite hostname="LAPTOP-RA1RI4MC" failures="0" tests="4" name="pc.ch02.testAttributes.Test_Grouping2" time="0.017" errors="0" timestamp="2023-12-09T16:39:53 GMT" skipped="0">
  <testcase classname="pc.ch02.testAttributes.Test_Grouping2" name="loginWithValidCredentials" time="0.002">
    <system-out>
      <![CDATA[loginWithValidCredentials]]>
    </system-out>
  </testcase> <!-- loginWithValidCredentials -->
  <testcase classname="pc.ch02.testAttributes.Test_Grouping2" name="addToCart" time="0.012">
    <system-out>
      <![CDATA[addToCart]]>
    </system-out>
  </testcase> <!-- addToCart -->
  <testcase classname="pc.ch02.testAttributes.Test_Grouping2" name="loginWithInvalidCredentials" time="0.001">
    <system-out>
      <![CDATA[loginWithInvalidCredentials]]>
    </system-out>
  </testcase> <!-- loginWithInvalidCredentials -->
  <testcase classname="pc.ch02.testAttributes.Test_Grouping2" name="selectProduct" time="0.002">
    <system-out>
      <![CDATA[selectProduct]]>
    </system-out>
  </testcase> <!-- selectProduct -->
  <system-out>
    <![CDATA[addToCart
loginWithInvalidCredentials
loginWithValidCredentials
selectProduct]]>
  </system-out>
</testsuite> <!-- pc.ch02.testAttributes.Test_Grouping2 -->
