<?xml version="1.0" encoding="UTF-8"?>
<!-- Generated by org.testng.reporters.JUnitReportReporter -->
<testsuite hostname="LAPTOP-RA1RI4MC" failures="0" tests="4" name="pc.ch03.ParallelExecution.Test3_ParallelByMethod" time="0.063" errors="0" timestamp="2023-12-19T07:45:42 GMT" skipped="0">
  <testcase classname="pc.ch03.ParallelExecution.Test3_ParallelByMethod" name="test2" time="0.017"/>
  <testcase classname="pc.ch03.ParallelExecution.Test3_ParallelByMethod" name="test3" time="0.015"/>
  <testcase classname="pc.ch03.ParallelExecution.Test3_ParallelByMethod" name="test4" time="0.015"/>
  <testcase classname="pc.ch03.ParallelExecution.Test3_ParallelByMethod" name="test1" time="0.016"/>
</testsuite> <!-- pc.ch03.ParallelExecution.Test3_ParallelByMethod -->
