<?xml version="1.0" encoding="UTF-8"?>
<!-- Generated by org.testng.reporters.JUnitReportReporter -->
<testsuite hostname="LAPTOP-RA1RI4MC" failures="0" tests="5" name="pc.ch02.testAttributes.Test3_dependsOnGroup" time="0.018" errors="0" timestamp="2023-12-09T17:04:17 GMT" skipped="0">
  <testcase classname="pc.ch02.testAttributes.Test3_dependsOnGroup" name="billing" time="0.001">
    <system-out>
      <![CDATA[billing]]>
    </system-out>
  </testcase> <!-- billing -->
  <testcase classname="pc.ch02.testAttributes.Test3_dependsOnGroup" name="filterByBrand" time="0.001">
    <system-out>
      <![CDATA[filterByBrand]]>
    </system-out>
  </testcase> <!-- filterByBrand -->
  <testcase classname="pc.ch02.testAttributes.Test3_dependsOnGroup" name="Login" time="0.013">
    <system-out>
      <![CDATA[Login]]>
    </system-out>
  </testcase> <!-- Login -->
  <testcase classname="pc.ch02.testAttributes.Test3_dependsOnGroup" name="filterByCategory" time="0.001">
    <system-out>
      <![CDATA[filterByCategory]]>
    </system-out>
  </testcase> <!-- filterByCategory -->
  <testcase classname="pc.ch02.testAttributes.Test3_dependsOnGroup" name="Search" time="0.002">
    <system-out>
      <![CDATA[Search]]>
    </system-out>
  </testcase> <!-- Search -->
  <system-out>
    <![CDATA[Login
Search
filterByBrand
filterByCategory
billing]]>
  </system-out>
</testsuite> <!-- pc.ch02.testAttributes.Test3_dependsOnGroup -->
