<?xml version="1.0" encoding="UTF-8"?>
<!-- Generated by org.testng.reporters.JUnitReportReporter -->
<testsuite hostname="LAPTOP-RA1RI4MC" failures="0" tests="8" name="pc.ch03.ParallelExecution.Test3_ParallelDemo1" time="0.027" errors="0" timestamp="2023-12-20T20:31:00 GMT" skipped="0">
  <testcase classname="pc.ch03.ParallelExecution.Test3_ParallelDemo1" name="test2" time="0.002"/>
  <testcase classname="pc.ch03.ParallelExecution.Test3_ParallelDemo1" name="test3" time="0.002"/>
  <testcase classname="pc.ch03.ParallelExecution.Test3_ParallelDemo1" name="test1" time="0.008"/>
  <testcase classname="pc.ch03.ParallelExecution.Test3_ParallelDemo1" name="test4" time="0.001"/>
  <testcase classname="pc.ch03.ParallelExecution.Test3_ParallelDemo1" name="test4" time="0.001"/>
  <testcase classname="pc.ch03.ParallelExecution.Test3_ParallelDemo1" name="test2" time="0.001"/>
  <testcase classname="pc.ch03.ParallelExecution.Test3_ParallelDemo1" name="test3" time="0.004"/>
  <testcase classname="pc.ch03.ParallelExecution.Test3_ParallelDemo1" name="test1" time="0.008"/>
</testsuite> <!-- pc.ch03.ParallelExecution.Test3_ParallelDemo1 -->
