<?xml version="1.0" encoding="UTF-8"?>
<!-- Generated by org.testng.reporters.JUnitReportReporter -->
<testsuite hostname="LAPTOP-RA1RI4MC" failures="0" tests="3" name="pc.ch03.ParallelExecution.Test1_ParallelByTest" time="-1703105664.000" errors="1" timestamp="2023-12-20T20:54:02 GMT" skipped="1">
  <testcase classname="pc.ch03.ParallelExecution.Test1_ParallelByTest" name="InitialiseBrowser" time="-1703105664.000">
    <error message="
Parameter &#039;url&#039; is required by BeforeTest on method InitialiseBrowser but has not been marked @Optional or defined
in C:\Users\Priyadharshini\eclipse-workspace\04_TestNG\TestNG_parallelByTest.xml" type="org.testng.TestNGException">
      <![CDATA[org.testng.TestNGException: 
Parameter 'url' is required by BeforeTest on method InitialiseBrowser but has not been marked @Optional or defined
in C:\Users\Priyadharshini\eclipse-workspace\04_TestNG\TestNG_parallelByTest.xml
at org.testng.internal.Parameters.createParams(Parameters.java:267)
at org.testng.internal.Parameters.createParametersForMethod(Parameters.java:355)
at org.testng.internal.Parameters.createParameters(Parameters.java:684)
at org.testng.internal.Parameters.createConfigurationParameters(Parameters.java:166)
at org.testng.internal.invokers.ConfigInvoker.invokeConfigurations(ConfigInvoker.java:306)
at org.testng.TestRunner.invokeTestConfigurations(TestRunner.java:663)
at org.testng.TestRunner.beforeRun(TestRunner.java:652)
at org.testng.TestRunner.run(TestRunner.java:614)
at org.testng.SuiteRunner.runTest(SuiteRunner.java:443)
at org.testng.SuiteRunner$SuiteWorker.run(SuiteRunner.java:481)
at org.testng.internal.thread.ThreadUtil.lambda$execute$0(ThreadUtil.java:58)
at java.base/java.util.concurrent.FutureTask.run(FutureTask.java:264)
at java.base/java.util.concurrent.ThreadPoolExecutor.runWorker(ThreadPoolExecutor.java:1136)
at java.base/java.util.concurrent.ThreadPoolExecutor$Worker.run(ThreadPoolExecutor.java:635)
at java.base/java.lang.Thread.run(Thread.java:833)
]]>
    </error>
  </testcase> <!-- InitialiseBrowser -->
  <testcase classname="pc.ch03.ParallelExecution.Test1_ParallelByTest" name="searchText" time="0.190"/>
  <testcase classname="pc.ch03.ParallelExecution.Test1_ParallelByTest" name="searchText" time="0.000">
    <skipped/>
  </testcase> <!-- searchText -->
</testsuite> <!-- pc.ch03.ParallelExecution.Test1_ParallelByTest -->
