<?xml version="1.0" encoding="UTF-8"?>
<!-- Generated by org.testng.reporters.JUnitReportReporter -->
<testsuite hostname="LAPTOP-RA1RI4MC" failures="0" tests="2" name="pc.ch03.ParallelExecution.Test4_ParallelByMethod" time="0.034" errors="0" timestamp="2023-12-19T07:45:42 GMT" skipped="0">
  <testcase classname="pc.ch03.ParallelExecution.Test4_ParallelByMethod" name="test5" time="0.016"/>
  <testcase classname="pc.ch03.ParallelExecution.Test4_ParallelByMethod" name="test6" time="0.018"/>
</testsuite> <!-- pc.ch03.ParallelExecution.Test4_ParallelByMethod -->
