<?xml version="1.0" encoding="UTF-8"?>
<!-- Generated by org.testng.reporters.JUnitReportReporter -->
<testsuite hostname="LAPTOP-RA1RI4MC" failures="0" tests="4" name="pc.ch05.dataProviders.Test1_Datadriver_properties" time="13.426" errors="0" timestamp="2023-12-20T09:17:17 GMT" skipped="2">
  <testcase classname="pc.ch05.dataProviders.Test1_Datadriver_properties" name="testLogin1" time="7.376"/>
  <testcase classname="pc.ch05.dataProviders.Test1_Datadriver_properties" name="Search" time="6.050"/>
  <testcase classname="pc.ch05.dataProviders.Test1_Datadriver_properties" name="testLogin2">
    <skipped/>
  </testcase> <!-- testLogin2 -->
  <testcase classname="pc.ch05.dataProviders.Test1_Datadriver_properties" name="testLogin3">
    <skipped/>
  </testcase> <!-- testLogin3 -->
</testsuite> <!-- pc.ch05.dataProviders.Test1_Datadriver_properties -->
