<?xml version="1.0" encoding="UTF-8"?>
<!-- Generated by org.testng.reporters.JUnitReportReporter -->
<testsuite hostname="LAPTOP-RA1RI4MC" failures="0" tests="5" name="pc.ch02.testAttributes.Test2_Priority1" time="0.019" errors="0" timestamp="2023-12-09T16:50:33 GMT" skipped="0">
  <testcase classname="pc.ch02.testAttributes.Test2_Priority1" name="login" time="0.012"/>
  <testcase classname="pc.ch02.testAttributes.Test2_Priority1" name="searchProduct" time="0.001"/>
  <testcase classname="pc.ch02.testAttributes.Test2_Priority1" name="addToCart" time="0.002"/>
  <testcase classname="pc.ch02.testAttributes.Test2_Priority1" name="logout" time="0.002"/>
  <testcase classname="pc.ch02.testAttributes.Test2_Priority1" name="makePymt" time="0.002"/>
</testsuite> <!-- pc.ch02.testAttributes.Test2_Priority1 -->
