<?xml version="1.0" encoding="UTF-8"?>
<!-- Generated by org.testng.reporters.JUnitReportReporter -->
<testsuite hostname="LAPTOP-RA1RI4MC" failures="0" tests="4" name="pc.ch01.basics.Test_Annotation2_Method2" time="0.032" errors="0" timestamp="2023-12-08T22:19:53 GMT" skipped="0">
  <testcase classname="pc.ch01.basics.Test_Annotation2_Method2" name="Test2" time="0.014"/>
  <testcase classname="pc.ch01.basics.Test_Annotation2_Method2" name="Test1" time="0.009"/>
  <testcase classname="pc.ch01.basics.Test_Annotation2_Method2" name="demoTest1" time="0.005"/>
  <testcase classname="pc.ch01.basics.Test_Annotation2_Method2" name="demoTest2" time="0.004"/>
</testsuite> <!-- pc.ch01.basics.Test_Annotation2_Method2 -->
