<?xml version="1.0" encoding="UTF-8"?>
<!-- Generated by org.testng.reporters.JUnitReportReporter -->
<testsuite hostname="LAPTOP-RA1RI4MC" failures="0" tests="2" name="pc.ch02.testAttributes.Test_Grouping1" time="0.017" errors="0" timestamp="2023-12-09T16:35:07 GMT" skipped="0">
  <testcase classname="pc.ch02.testAttributes.Test_Grouping1" name="Login" time="0.015">
    <system-out>
      <![CDATA[Login]]>
    </system-out>
  </testcase> <!-- Login -->
  <testcase classname="pc.ch02.testAttributes.Test_Grouping1" name="Search" time="0.002">
    <system-out>
      <![CDATA[Search]]>
    </system-out>
  </testcase> <!-- Search -->
  <system-out>
    <![CDATA[Login
Search]]>
  </system-out>
</testsuite> <!-- pc.ch02.testAttributes.Test_Grouping1 -->
