<?xml version="1.0" encoding="UTF-8"?>
<!-- Generated by org.testng.reporters.JUnitReportReporter -->
<testsuite hostname="LAPTOP-RA1RI4MC" failures="0" tests="4" name="pc.ch03.ParallelExecution.Test4_ParallelDemo2" time="0.010" errors="0" timestamp="2023-12-20T20:31:00 GMT" skipped="0">
  <testcase classname="pc.ch03.ParallelExecution.Test4_ParallelDemo2" name="test6" time="0.002"/>
  <testcase classname="pc.ch03.ParallelExecution.Test4_ParallelDemo2" name="test5" time="0.001"/>
  <testcase classname="pc.ch03.ParallelExecution.Test4_ParallelDemo2" name="test6" time="0.006"/>
  <testcase classname="pc.ch03.ParallelExecution.Test4_ParallelDemo2" name="test5" time="0.001"/>
</testsuite> <!-- pc.ch03.ParallelExecution.Test4_ParallelDemo2 -->
