<?xml version="1.0" encoding="UTF-8"?>
<!-- Generated by org.testng.reporters.JUnitReportReporter -->
<testsuite hostname="LAPTOP-RA1RI4MC" failures="0" tests="2" name="pc.ch01.basics.Test_Annotation3_Class" time="0.012" errors="0" timestamp="2023-12-09T14:41:29 GMT" skipped="0">
  <testcase classname="pc.ch01.basics.Test_Annotation3_Class" name="demoTest2" time="0.002"/>
  <testcase classname="pc.ch01.basics.Test_Annotation3_Class" name="demoTest1" time="0.010"/>
</testsuite> <!-- pc.ch01.basics.Test_Annotation3_Class -->
