<?xml version="1.0" encoding="UTF-8"?>
<!-- Generated by org.testng.reporters.JUnitReportReporter -->
<testsuite hostname="LAPTOP-RA1RI4MC" failures="0" tests="9" name="pc.ch02.testAttributes.Test4_dependsOnMethods" time="0.020" errors="0" timestamp="2023-12-13T21:21:13 GMT" skipped="0">
  <testcase classname="pc.ch02.testAttributes.Test4_dependsOnMethods" name="logOut" time="0.002">
    <system-out>
      <![CDATA[logout]]>
    </system-out>
  </testcase> <!-- logOut -->
  <testcase classname="pc.ch02.testAttributes.Test4_dependsOnMethods" name="Login2" time="0.002">
    <system-out>
      <![CDATA[Login2]]>
    </system-out>
  </testcase> <!-- Login2 -->
  <testcase classname="pc.ch02.testAttributes.Test4_dependsOnMethods" name="Login" time="0.007">
    <system-out>
      <![CDATA[Login]]>
    </system-out>
  </testcase> <!-- Login -->
  <testcase classname="pc.ch02.testAttributes.Test4_dependsOnMethods" name="filterByBrand" time="0.003">
    <system-out>
      <![CDATA[filterByBrand]]>
    </system-out>
  </testcase> <!-- filterByBrand -->
  <testcase classname="pc.ch02.testAttributes.Test4_dependsOnMethods" name="billing" time="0.002">
    <system-out>
      <![CDATA[billing]]>
    </system-out>
  </testcase> <!-- billing -->
  <testcase classname="pc.ch02.testAttributes.Test4_dependsOnMethods" name="Login4" time="0.001">
    <system-out>
      <![CDATA[Login4]]>
    </system-out>
  </testcase> <!-- Login4 -->
  <testcase classname="pc.ch02.testAttributes.Test4_dependsOnMethods" name="Search" time="0.001">
    <system-out>
      <![CDATA[Search]]>
    </system-out>
  </testcase> <!-- Search -->
  <testcase classname="pc.ch02.testAttributes.Test4_dependsOnMethods" name="filterByCategory" time="0.001">
    <system-out>
      <![CDATA[filterByCategory]]>
    </system-out>
  </testcase> <!-- filterByCategory -->
  <testcase classname="pc.ch02.testAttributes.Test4_dependsOnMethods" name="Login3" time="0.001">
    <system-out>
      <![CDATA[Login3]]>
    </system-out>
  </testcase> <!-- Login3 -->
  <system-out>
    <![CDATA[Login
Login2
Login3
Login4
Search
logout
billing
filterByBrand
filterByCategory]]>
  </system-out>
</testsuite> <!-- pc.ch02.testAttributes.Test4_dependsOnMethods -->
