<?xml version="1.0" encoding="UTF-8"?>
<!-- Generated by org.testng.reporters.JUnitReportReporter -->
<testsuite hostname="LAPTOP-RA1RI4MC" failures="0" tests="5" name="pc.ch02.testAttributes.Test1_Grouping2" time="0.020" errors="0" timestamp="2023-12-09T16:55:27 GMT" skipped="0">
  <testcase classname="pc.ch02.testAttributes.Test1_Grouping2" name="logOut" time="0.002">
    <system-out>
      <![CDATA[logout]]>
    </system-out>
  </testcase> <!-- logOut -->
  <testcase classname="pc.ch02.testAttributes.Test1_Grouping2" name="loginWithValidCredentials" time="0.002">
    <system-out>
      <![CDATA[loginWithValidCredentials]]>
    </system-out>
  </testcase> <!-- loginWithValidCredentials -->
  <testcase classname="pc.ch02.testAttributes.Test1_Grouping2" name="loginWithInvalidCredentials" time="0.002">
    <system-out>
      <![CDATA[loginWithInvalidCredentials]]>
    </system-out>
  </testcase> <!-- loginWithInvalidCredentials -->
  <testcase classname="pc.ch02.testAttributes.Test1_Grouping2" name="selectProduct" time="0.002">
    <system-out>
      <![CDATA[selectProduct]]>
    </system-out>
  </testcase> <!-- selectProduct -->
  <testcase classname="pc.ch02.testAttributes.Test1_Grouping2" name="addToCart" time="0.012">
    <system-out>
      <![CDATA[addToCart]]>
    </system-out>
  </testcase> <!-- addToCart -->
  <system-out>
    <![CDATA[addToCart
logout
loginWithInvalidCredentials
loginWithValidCredentials
selectProduct
Login
Search
filterByBrand
filterByCategory
logout
Login
Search
logout
filterByBrand
filterByCategory]]>
  </system-out>
</testsuite> <!-- pc.ch02.testAttributes.Test1_Grouping2 -->
