<?xml version="1.0" encoding="UTF-8"?>
<!-- Generated by org.testng.reporters.JUnitReportReporter -->
<testsuite hostname="LAPTOP-RA1RI4MC" failures="0" tests="5" name="pc.ch02.testAttributes.Test1_Grouping1" time="0.011" errors="0" timestamp="2023-12-09T16:55:27 GMT" skipped="0">
  <testcase classname="pc.ch02.testAttributes.Test1_Grouping1" name="Login" time="0.003">
    <system-out>
      <![CDATA[Login]]>
    </system-out>
  </testcase> <!-- Login -->
  <testcase classname="pc.ch02.testAttributes.Test1_Grouping1" name="filterByCategory" time="0.001">
    <system-out>
      <![CDATA[filterByCategory]]>
    </system-out>
  </testcase> <!-- filterByCategory -->
  <testcase classname="pc.ch02.testAttributes.Test1_Grouping1" name="filterByBrand" time="0.003">
    <system-out>
      <![CDATA[filterByBrand]]>
    </system-out>
  </testcase> <!-- filterByBrand -->
  <testcase classname="pc.ch02.testAttributes.Test1_Grouping1" name="Search" time="0.002">
    <system-out>
      <![CDATA[Search]]>
    </system-out>
  </testcase> <!-- Search -->
  <testcase classname="pc.ch02.testAttributes.Test1_Grouping1" name="logOut" time="0.002">
    <system-out>
      <![CDATA[logout]]>
    </system-out>
  </testcase> <!-- logOut -->
  <system-out>
    <![CDATA[addToCart
logout
loginWithInvalidCredentials
loginWithValidCredentials
selectProduct
Login
Search
filterByBrand
filterByCategory
logout
Login
Search
logout
filterByBrand
filterByCategory]]>
  </system-out>
</testsuite> <!-- pc.ch02.testAttributes.Test1_Grouping1 -->
