<?xml version="1.0" encoding="UTF-8"?>
<!-- Generated by org.testng.reporters.JUnitReportReporter -->
<testsuite hostname="LAPTOP-RA1RI4MC" failures="0" tests="3" name="pc.ch05.dataProviders.Test2_Dataprovider_Annotation" time="17.850" errors="0" timestamp="2023-12-20T09:39:42 GMT" skipped="1">
  <testcase classname="pc.ch05.dataProviders.Test2_Dataprovider_Annotation" name="Search" time="7.502"/>
  <testcase classname="pc.ch05.dataProviders.Test2_Dataprovider_Annotation" name="Search" time="10.348"/>
  <testcase classname="pc.ch05.dataProviders.Test2_Dataprovider_Annotation" name="testLogin">
    <skipped/>
  </testcase> <!-- testLogin -->
</testsuite> <!-- pc.ch05.dataProviders.Test2_Dataprovider_Annotation -->
