<?xml version="1.0" encoding="UTF-8"?>
<!-- Generated by org.testng.reporters.JUnitXMLReporter -->
<testsuite ignored="1" hostname="LAPTOP-RA1RI4MC" failures="0" tests="4" name="GroupingDemo" time="0.104" errors="0" timestamp="2023-12-09T16:39:52 GMT">
  <testcase classname="pc.ch02.testAttributes.Test_Grouping2" name="addToCart" time="0.012"/>
  <testcase classname="pc.ch02.testAttributes.Test_Grouping2" name="loginWithInvalidCredentials" time="0.001"/>
  <testcase classname="pc.ch02.testAttributes.Test_Grouping2" name="loginWithValidCredentials" time="0.002"/>
  <testcase classname="pc.ch02.testAttributes.Test_Grouping2" name="selectProduct" time="0.002"/>
  <testcase classname="pc.ch02.testAttributes.Test_Grouping2" name="logOut" time="0.0">
    <ignored/>
  </testcase> <!-- logOut -->
</testsuite> <!-- GroupingDemo -->
